c:\users\verbm\source\repos\xeno\xeno\xeno\debug\xeno.pch
c:\users\verbm\source\repos\xeno\xeno\xeno\debug\vc141.pdb
c:\users\verbm\source\repos\xeno\xeno\xeno\debug\vc141.idb
c:\users\verbm\source\repos\xeno\xeno\xeno\debug\stdafx.obj
c:\users\verbm\source\repos\xeno\xeno\xeno\debug\xeno.obj
c:\users\verbm\source\repos\xeno\xeno\debug\xeno.exe
c:\users\verbm\source\repos\xeno\xeno\debug\xeno.ilk
c:\users\verbm\source\repos\xeno\xeno\debug\xeno.pdb
c:\users\verbm\source\repos\xeno\xeno\xeno\debug\xeno.obj.enc
c:\users\verbm\source\repos\xeno\xeno\xeno\debug\nativecodeanalysis.read.1.tlog
c:\users\verbm\source\repos\xeno\xeno\xeno\debug\stdafx.nativecodeanalysis.xml
c:\users\verbm\source\repos\xeno\xeno\xeno\debug\vc.nativecodeanalysis.all.xml
c:\users\verbm\source\repos\xeno\xeno\xeno\debug\xeno.nativecodeanalysis.xml
c:\users\verbm\source\repos\xeno\xeno\debug\xeno.exe.lastcodeanalysissucceeded
c:\users\verbm\source\repos\xeno\xeno\xeno\debug\xeno.tlog\cl.command.1.tlog
c:\users\verbm\source\repos\xeno\xeno\xeno\debug\xeno.tlog\cl.read.1.tlog
c:\users\verbm\source\repos\xeno\xeno\xeno\debug\xeno.tlog\cl.write.1.tlog
c:\users\verbm\source\repos\xeno\xeno\xeno\debug\xeno.tlog\link.command.1.tlog
c:\users\verbm\source\repos\xeno\xeno\xeno\debug\xeno.tlog\link.read.1.tlog
c:\users\verbm\source\repos\xeno\xeno\xeno\debug\xeno.tlog\link.write.1.tlog
